<?xml version="1.0" encoding="utf-8"?><testsuites><testsuite name="pytest" errors="0" failures="0" skipped="0" tests="3" time="0.041" timestamp="2026-09-18T10:12:44.118453+00:00" hostname="build-7"><testcase classname="tests.test_orders" name="test_create_order" time="0.012" /><testcase classname="tests.test_orders" name="test_cancel_order" time="0.009"><properties><property name="private-property-marker" value="ORDERS_API_KEY=private-value-marker" /></properties></testcase><testcase classname="tests.test_health" name="test_healthz[https://preview.example.test/]" time="0.020" /></testsuite></testsuites>
