<?xml version="1.0" encoding="utf-8"?><testsuites><testsuite name="pytest" errors="1" failures="1" skipped="1" tests="3" time="0.044" timestamp="2026-09-18T10:12:44.118453+00:00" hostname="build-7"><testcase classname="tests.test_orders" name="test_create_order" time="0.012"><failure message="assert 500 == 201">def test_create_order(client):
        response = client.post(&quot;/orders&quot;, json={&quot;sku&quot;: &quot;private-sku-marker&quot;})
&gt;       assert response.status_code == 201
E       assert 500 == 201</failure></testcase><testcase classname="tests.test_orders" name="test_cancel_order" time="0.009"><error message="fixture &apos;db&apos; not found">private-error-marker</error></testcase><testcase classname="tests.test_health" name="test_healthz[https://preview.example.test/]" time="0.020"><skipped type="pytest.skip" message="needs live target" /><system-out>private-stdout-marker</system-out></testcase></testsuite></testsuites>
